<?xml version="1.0" encoding="UTF-8"?>
<!-- Generated by org.testng.reporters.JUnitReportReporter -->
<testsuite hostname="IN-PG0352PK" failures="0" tests="1" name="testcases.CustomerHelpTest" time="5.262" errors="0" timestamp="20 Jun 2024 04:13:12 GMT" skipped="0">
  <testcase classname="testcases.CustomerHelpTest" name="testCutomerCare" time="5.262"/>
</testsuite> <!-- testcases.CustomerHelpTest -->
