<?xml version="1.0" encoding="UTF-8"?>
<!-- Generated by org.testng.reporters.JUnitReportReporter -->
<testsuite hostname="IN-PG0352PK" failures="0" tests="2" name="testcases.SearchPassTest" time="23.194" errors="0" timestamp="19 Jun 2024 16:59:51 GMT" skipped="0">
  <testcase classname="testcases.SearchPassTest" name="testProductSearch_2" time="12.944"/>
  <testcase classname="testcases.SearchPassTest" name="testProductSearch_1" time="10.250"/>
</testsuite> <!-- testcases.SearchPassTest -->
