<?xml version="1.0" encoding="UTF-8"?>
<!-- Generated by org.testng.reporters.JUnitReportReporter -->
<testsuite hostname="IN-PG0352PK" failures="0" tests="1" name="testcases.SearchFailTest" time="13.976" errors="0" timestamp="20 Jun 2024 05:21:39 GMT" skipped="0">
  <testcase classname="testcases.SearchFailTest" name="testProductSearchFail_1" time="13.976"/>
</testsuite> <!-- testcases.SearchFailTest -->
