<?xml version="1.0" encoding="UTF-8"?>
<!-- Generated by org.testng.reporters.JUnitReportReporter -->
<testsuite hostname="IN-PG0352PK" failures="0" tests="1" name="testcases.HomePageTest" time="5.208" errors="0" timestamp="15 Jun 2024 18:59:52 GMT" skipped="0">
  <testcase classname="testcases.HomePageTest" name="testTopOffer" time="5.208"/>
</testsuite> <!-- testcases.HomePageTest -->
