<?xml version="1.0" encoding="UTF-8"?>
<!-- Generated by org.testng.reporters.JUnitReportReporter -->
<testsuite hostname="IN-PG0352PK" failures="0" tests="1" name="testcases.CartTest" time="16.555" errors="0" timestamp="20 Jun 2024 01:06:46 GMT" skipped="0">
  <testcase classname="testcases.CartTest" name="testSaveLaterCart" time="16.555"/>
</testsuite> <!-- testcases.CartTest -->
