<?xml version="1.0" encoding="UTF-8"?>
<!-- Generated by org.testng.reporters.JUnitReportReporter -->
<testsuite hostname="IN-PG0352PK" failures="0" tests="2" name="testcases.HomePageTest" time="47.075" errors="0" timestamp="20 Jun 2024 04:13:12 GMT" skipped="0">
  <testcase classname="testcases.HomePageTest" name="testHomePageURL" time="11.096"/>
  <testcase classname="testcases.HomePageTest" name="testTopOffer" time="35.979"/>
</testsuite> <!-- testcases.HomePageTest -->
