<?xml version="1.0" encoding="UTF-8"?>
<!-- Generated by org.testng.reporters.JUnitReportReporter -->
<testsuite hostname="IN-PG0352PK" failures="0" tests="2" name="testcases.FilterTest" time="46.831" errors="0" timestamp="20 Jun 2024 02:27:15 GMT" skipped="0">
  <testcase classname="testcases.FilterTest" name="testFilterMax" time="37.865"/>
  <testcase classname="testcases.FilterTest" name="testFilterMin" time="8.966"/>
</testsuite> <!-- testcases.FilterTest -->
