<?xml version="1.0" encoding="UTF-8"?>
<!-- Generated by org.testng.reporters.JUnitReportReporter -->
<testsuite hostname="IN-PG0352PK" failures="0" tests="1" name="testcases.PhoneNumberTest" time="38.415" errors="0" timestamp="18 Jun 2024 20:13:11 GMT" skipped="0">
  <testcase classname="testcases.PhoneNumberTest" name="testPhoneNumberFail" time="38.415"/>
</testsuite> <!-- testcases.PhoneNumberTest -->
