<?xml version="1.0" encoding="UTF-8"?>
<!-- Generated by org.testng.reporters.JUnitReportReporter -->
<testsuite hostname="IN-PG0352PK" failures="0" tests="1" name="testcases.FilterTest" time="2.335" errors="0" timestamp="20 Jun 2024 05:00:24 GMT" skipped="1">
  <testcase classname="testcases.FilterTest" name="testFilterMin" time="2.335">
    <skipped/>
  </testcase> <!-- testFilterMin -->
</testsuite> <!-- testcases.FilterTest -->
