<?xml version="1.0" encoding="UTF-8"?>
<!-- Generated by org.testng.reporters.JUnitReportReporter -->
<testsuite hostname="IN-PG0352PK" failures="0" tests="2" name="testcases.SearchPassTest" time="18.564" errors="0" timestamp="20 Jun 2024 04:13:12 GMT" skipped="0">
  <testcase classname="testcases.SearchPassTest" name="testProductSearch_2" time="10.903"/>
  <testcase classname="testcases.SearchPassTest" name="testProductSearch_1" time="7.661"/>
</testsuite> <!-- testcases.SearchPassTest -->
