<?xml version="1.0" encoding="UTF-8"?>
<!-- Generated by org.testng.reporters.JUnitReportReporter -->
<testsuite hostname="IN-PG0352PK" failures="0" tests="1" name="testcases.PincodeTest" time="33.731" errors="0" timestamp="19 Jun 2024 16:49:04 GMT" skipped="0">
  <testcase classname="testcases.PincodeTest" name="testPincodeFail" time="33.731"/>
</testsuite> <!-- testcases.PincodeTest -->
