<?xml version="1.0" encoding="UTF-8"?>
<!-- Generated by org.testng.reporters.JUnitReportReporter -->
<testsuite hostname="IN-PG0352PK" failures="0" tests="2" name="testcases.PhoneNumberTest" time="91.082" errors="0" timestamp="20 Jun 2024 04:13:12 GMT" skipped="0">
  <testcase classname="testcases.PhoneNumberTest" name="testPhoneNumberPass" time="8.022"/>
  <testcase classname="testcases.PhoneNumberTest" name="testPhoneNumberFail" time="83.060"/>
</testsuite> <!-- testcases.PhoneNumberTest -->
