<?xml version="1.0" encoding="UTF-8"?>
<!-- Generated by org.testng.reporters.JUnitReportReporter -->
<testsuite hostname="IN-PG0352PK" failures="0" tests="3" name="testcases.SocialMediaTest" time="34.186" errors="0" timestamp="20 Jun 2024 04:13:12 GMT" skipped="0">
  <testcase classname="testcases.SocialMediaTest" name="testHomePageSocialsFacebook" time="12.565"/>
  <testcase classname="testcases.SocialMediaTest" name="testHomePageSocialsTwitter" time="13.671"/>
  <testcase classname="testcases.SocialMediaTest" name="testHomePageSocialsYouTube" time="7.950"/>
</testsuite> <!-- testcases.SocialMediaTest -->
