<?xml version="1.0" encoding="UTF-8"?>
<!-- Generated by org.testng.reporters.JUnitReportReporter -->
<testsuite hostname="IN-PG0352PK" failures="0" tests="1" name="testcases.CompareProductsTest" time="10.653" errors="0" timestamp="19 Jun 2024 17:19:27 GMT" skipped="0">
  <testcase classname="testcases.CompareProductsTest" name="testProductComparison" time="10.653"/>
</testsuite> <!-- testcases.CompareProductsTest -->
