<?xml version="1.0" encoding="UTF-8"?>
<!-- Generated by org.testng.reporters.JUnitReportReporter -->
<testsuite hostname="IN-PG0352PK" failures="0" tests="1" name="testcases.PincodeTest" time="39.396" errors="0" timestamp="20 Jun 2024 05:24:47 GMT" skipped="0">
  <testcase classname="testcases.PincodeTest" name="testPincodeFail" time="39.396"/>
</testsuite> <!-- testcases.PincodeTest -->
