<?xml version="1.0" encoding="UTF-8"?>
<!-- Generated by org.testng.reporters.JUnitReportReporter -->
<testsuite hostname="IN-PG0352PK" failures="0" tests="1" name="testcases.RunSelectiveTests" time="0.309" errors="0" timestamp="19 Jun 2024 21:15:50 GMT" skipped="0">
  <testcase classname="testcases.RunSelectiveTests" name="runSelective" time="0.309"/>
</testsuite> <!-- testcases.RunSelectiveTests -->
