<?xml version="1.0" encoding="UTF-8"?>
<!-- Generated by org.testng.reporters.JUnitReportReporter -->
<testsuite hostname="IN-PG0352PK" failures="0" tests="1" name="testcases.NewSampleTest" time="0.336" errors="0" timestamp="19 Jun 2024 23:23:06 GMT" skipped="0">
  <testcase classname="testcases.NewSampleTest" name="f" time="0.336"/>
</testsuite> <!-- testcases.NewSampleTest -->
