<?xml version="1.0" encoding="UTF-8"?>
<!-- Generated by org.testng.reporters.JUnitReportReporter -->
<testsuite hostname="IN-PG0352PK" failures="0" tests="1" name="testcases.SearchFailTest" time="16.591" errors="0" timestamp="19 Jun 2024 22:33:16 GMT" skipped="0">
  <testcase classname="testcases.SearchFailTest" name="testProductSearchFail_2" time="16.591"/>
</testsuite> <!-- testcases.SearchFailTest -->
