<?xml version="1.0" encoding="UTF-8"?>
<!-- Generated by org.testng.reporters.JUnitReportReporter -->
<testsuite hostname="IN-PG0352PK" failures="0" tests="2" name="testcases.SearchPassTest" time="14.035" errors="0" timestamp="2024-06-20T05:22:09 IST" skipped="0">
  <testcase classname="testcases.SearchPassTest" name="testProductSearch_2" time="7.161"/>
  <system-out/>
  <testcase classname="testcases.SearchPassTest" name="testProductSearch_1" time="6.874"/>
  <system-out/>
</testsuite> <!-- testcases.SearchPassTest -->
