<?xml version="1.0" encoding="UTF-8"?>
<!-- Generated by org.testng.reporters.JUnitReportReporter -->
<testsuite hostname="IN-PG0352PK" failures="0" tests="2" name="testcases.PincodeTest" time="46.626" errors="0" timestamp="2024-06-20T05:22:09 IST" skipped="0">
  <testcase classname="testcases.PincodeTest" name="testPincodePass" time="8.316"/>
  <system-out/>
  <testcase classname="testcases.PincodeTest" name="testPincodeFail" time="38.310"/>
  <system-out/>
</testsuite> <!-- testcases.PincodeTest -->
