<?xml version="1.0" encoding="UTF-8"?>
<!-- Generated by org.testng.reporters.JUnitReportReporter -->
<testsuite hostname="IN-PG0352PK" failures="0" tests="2" name="testcases.PhoneNumberTest" time="51.700" errors="0" timestamp="2024-06-20T05:22:09 IST" skipped="0">
  <testcase classname="testcases.PhoneNumberTest" name="testPhoneNumberPass" time="5.822"/>
  <system-out/>
  <testcase classname="testcases.PhoneNumberTest" name="testPhoneNumberFail" time="45.878"/>
  <system-out/>
</testsuite> <!-- testcases.PhoneNumberTest -->
