<?xml version="1.0" encoding="UTF-8"?>
<!-- Generated by org.testng.reporters.JUnitReportReporter -->
<testsuite hostname="IN-PG0352PK" failures="0" tests="1" name="testcases.CartTest" time="3.907" errors="0" timestamp="2024-06-20T05:22:09 IST" skipped="0">
  <testcase classname="testcases.CartTest" name="testEmptyCart" time="3.907"/>
  <system-out/>
</testsuite> <!-- testcases.CartTest -->
