<?xml version="1.0" encoding="UTF-8"?>
<!-- Generated by org.testng.reporters.JUnitReportReporter -->
<testsuite hostname="IN-PG0352PK" failures="0" tests="2" name="testcases.SearchFailTest" time="56.588" errors="0" timestamp="2024-06-20T05:22:09 IST" skipped="0">
  <testcase classname="testcases.SearchFailTest" name="testProductSearchFail_2" time="19.989"/>
  <system-out/>
  <testcase classname="testcases.SearchFailTest" name="testProductSearchFail_1" time="36.599"/>
  <system-out/>
</testsuite> <!-- testcases.SearchFailTest -->
