<?xml version="1.0" encoding="UTF-8"?>
<!-- Generated by org.testng.reporters.JUnitReportReporter -->
<testsuite hostname="IN-PG0352PK" failures="0" tests="3" name="testcases.SocialMediaTest" time="41.639" errors="0" timestamp="2024-06-20T05:22:09 IST" skipped="0">
  <testcase classname="testcases.SocialMediaTest" name="testHomePageSocialsTwitter" time="13.426"/>
  <system-out/>
  <testcase classname="testcases.SocialMediaTest" name="testHomePageSocialsFacebook" time="13.246"/>
  <system-out/>
  <testcase classname="testcases.SocialMediaTest" name="testHomePageSocialsYouTube" time="14.967"/>
  <system-out/>
</testsuite> <!-- testcases.SocialMediaTest -->
