<?xml version="1.0" encoding="UTF-8"?>
<!-- Generated by org.testng.reporters.JUnitReportReporter -->
<testsuite hostname="IN-PG0352PK" failures="0" tests="2" name="testcases.HomePageTest" time="39.644" errors="0" timestamp="2024-06-20T05:22:09 IST" skipped="0">
  <testcase classname="testcases.HomePageTest" name="testTopOffer" time="34.989"/>
  <system-out/>
  <testcase classname="testcases.HomePageTest" name="testHomePageURL" time="4.655"/>
  <system-out/>
</testsuite> <!-- testcases.HomePageTest -->
